<?xml version="1.0" encoding="UTF-8"?>
<!-- Generated by org.testng.reporters.JUnitXMLReporter -->
<testsuite hostname="HABWKNPC0ZS5X2" ignored="0" name="Default test" tests="3" failures="3" timestamp="28 Sep 2020 02:55:10 GMT" time="0.473" errors="0">
  <testcase name="runScenario" time="0.144" classname="io.cucumber.testng.AbstractTestNGCucumberTests">
    <failure type="java.lang.NullPointerException">
      <![CDATA[java.lang.NullPointerException
	at base.Base.setCapabilities(Base.java:191)
	at stepdefinition.Hook.beforeScenario(Hook.java:27)
]]>
    </failure>
  </testcase> <!-- runScenario -->
  <testcase name="runScenario" time="0.006" classname="io.cucumber.testng.AbstractTestNGCucumberTests">
    <failure type="java.lang.NullPointerException">
      <![CDATA[java.lang.NullPointerException
	at base.Base.setCapabilities(Base.java:191)
	at stepdefinition.Hook.beforeScenario(Hook.java:27)
]]>
    </failure>
  </testcase> <!-- runScenario -->
  <testcase name="runScenario" time="0.006" classname="io.cucumber.testng.AbstractTestNGCucumberTests">
    <failure type="java.lang.NullPointerException">
      <![CDATA[java.lang.NullPointerException
	at base.Base.setCapabilities(Base.java:191)
	at stepdefinition.Hook.beforeScenario(Hook.java:27)
]]>
    </failure>
  </testcase> <!-- runScenario -->
</testsuite> <!-- Default test -->
