<?xml version="1.0" encoding="UTF-8"?>
<testng-results skipped="0" failed="0" ignored="0" total="1" passed="1">
  <reporter-output>
  </reporter-output>
  <suite name="Suite" duration-ms="124564" started-at="2021-06-15T03:54:53Z" finished-at="2021-06-15T03:56:58Z">
    <groups>
      <group name="cucumber">
        <method signature="AbstractTestNGCucumberTests.runScenario(io.cucumber.testng.PickleWrapper, io.cucumber.testng.FeatureWrapper)[pri:0, instance:test.TestRun@23faf8f2]" name="runScenario" class="io.cucumber.testng.AbstractTestNGCucumberTests"/>
      </group> <!-- cucumber -->
    </groups>
    <test name="Test" duration-ms="124564" started-at="2021-06-15T03:54:53Z" finished-at="2021-06-15T03:56:58Z">
      <class name="test.TestRun">
        <test-method status="PASS" signature="beforeSuite(org.testng.ITestContext)[pri:0, instance:test.TestRun@23faf8f2]" name="beforeSuite" is-config="true" duration-ms="9" started-at="2021-06-15T11:54:53Z" finished-at="2021-06-15T11:54:53Z">
          <params>
            <param index="0">
              <value>
                <![CDATA[org.testng.TestRunner@2dff7085]]>
              </value>
            </param>
          </params>
          <reporter-output>
          </reporter-output>
        </test-method> <!-- beforeSuite -->
        <test-method status="PASS" signature="setUpClass()[pri:0, instance:test.TestRun@23faf8f2]" name="setUpClass" is-config="true" duration-ms="281" started-at="2021-06-15T11:54:53Z" finished-at="2021-06-15T11:54:53Z">
          <reporter-output>
          </reporter-output>
        </test-method> <!-- setUpClass -->
        <test-method status="PASS" signature="runScenario(io.cucumber.testng.PickleWrapper, io.cucumber.testng.FeatureWrapper)[pri:0, instance:test.TestRun@23faf8f2]" name="runScenario" duration-ms="124265" started-at="2021-06-15T11:54:53Z" description="Runs Cucumber Scenarios" data-provider="scenarios" finished-at="2021-06-15T11:56:58Z">
          <params>
            <param index="0">
              <value>
                <![CDATA["IPOS_330"]]>
              </value>
            </param>
            <param index="1">
              <value>
                <![CDATA["Optional[Language]"]]>
              </value>
            </param>
          </params>
          <reporter-output>
          </reporter-output>
        </test-method> <!-- runScenario -->
        <test-method status="PASS" signature="tearDownClass()[pri:0, instance:test.TestRun@23faf8f2]" name="tearDownClass" is-config="true" duration-ms="2" started-at="2021-06-15T11:56:58Z" finished-at="2021-06-15T11:56:58Z">
          <reporter-output>
          </reporter-output>
        </test-method> <!-- tearDownClass -->
      </class> <!-- test.TestRun -->
    </test> <!-- Test -->
  </suite> <!-- Suite -->
</testng-results>
